============================= test session starts ==============================
platform linux -- Python 3.12.3, pytest-7.4.3, pluggy-1.6.0
rootdir: /Reserved/DocExtractor
configfile: pytest.ini
testpaths: tests
plugins: asyncio-0.21.1, cov-4.1.0, anyio-4.12.1
asyncio: mode=Mode.AUTO
collected 66 items

tests/test_batch_ingest.py ..                                            [  3%]
tests/test_chat_api.py ......                                            [ 12%]
tests/test_clients_api.py ....                                           [ 18%]
tests/test_corrections_api.py ..                                         [ 21%]
tests/test_csv_report.py .                                               [ 22%]
tests/test_document_ingest.py ..                                         [ 25%]
tests/test_documents_api.py ...                                          [ 30%]
tests/test_evaluation_csv_api.py .                                       [ 31%]
tests/test_evaluation_io.py ...                                          [ 36%]
tests/test_evaluation_script.py .                                        [ 37%]
tests/test_export_api.py .                                               [ 39%]
tests/test_extractions_api.py ..                                         [ 42%]
tests/test_invoice_evaluation_api.py .                                   [ 43%]
tests/test_invoice_extraction.py ......                                  [ 53%]
tests/test_invoice_metrics.py ..                                         [ 56%]
tests/test_invoice_pipeline.py ....                                      [ 62%]
tests/test_invoice_report.py .                                           [ 63%]
tests/test_invoice_report_api.py .                                       [ 65%]
tests/test_invoice_runner.py .                                           [ 66%]
tests/test_manifest_loader.py .                                          [ 68%]
tests/test_reviews_api.py ..                                             [ 71%]
tests/test_schemas.py ......                                             [ 80%]
tests/test_setup.py ..........                                           [ 95%]
tests/test_sqlite_store.py ...                                           [100%]

=============================== warnings summary ===============================
src/main.py:116
  /Reserved/DocExtractor/src/main.py:116: DeprecationWarning: 
          on_event is deprecated, use lifespan event handlers instead.
  
          Read more about it in the
          [FastAPI docs for Lifespan Events](https://fastapi.tiangolo.com/advanced/events/).
          
    @app.on_event("startup")

.venv/lib/python3.12/site-packages/fastapi/applications.py:4495
  /Reserved/DocExtractor/.venv/lib/python3.12/site-packages/fastapi/applications.py:4495: DeprecationWarning: 
          on_event is deprecated, use lifespan event handlers instead.
  
          Read more about it in the
          [FastAPI docs for Lifespan Events](https://fastapi.tiangolo.com/advanced/events/).
          
    return self.router.on_event(event_type)

-- Docs: https://docs.pytest.org/en/stable/how-to/capture-warnings.html
======================= 66 passed, 2 warnings in 31.35s ========================
