============================= test session starts ==============================
platform linux -- Python 3.12.3, pytest-7.4.3, pluggy-1.6.0 -- /Reserved/DocExtractor/venv/bin/python3
cachedir: .pytest_cache
rootdir: /Reserved/DocExtractor
configfile: pytest.ini
plugins: asyncio-0.21.1, cov-4.1.0, anyio-4.12.1
asyncio: mode=Mode.AUTO
collecting ... collected 10 items

tests/test_setup.py::test_python_version PASSED                          [ 10%]
tests/test_setup.py::test_fastapi_import PASSED                          [ 20%]
tests/test_setup.py::test_pydantic_import PASSED                         [ 30%]
tests/test_setup.py::test_sqlalchemy_import PASSED                       [ 40%]
tests/test_setup.py::test_opentelemetry_import PASSED                    [ 50%]
tests/test_setup.py::test_pytest_asyncio PASSED                          [ 60%]
tests/test_setup.py::test_async_support PASSED                           [ 70%]
tests/test_setup.py::test_venv_active PASSED                             [ 80%]
tests/test_setup.py::test_docker_available PASSED                        [ 90%]
tests/test_setup.py::test_ollama_available PASSED                        [100%]

============================== 10 passed in 0.66s ==============================
